#
# There is insufficient memory for the Java Runtime Environment to continue.
# Native memory allocation (malloc) failed to allocate 1048576 bytes for AllocateHeap
# Possible reasons:
#   The system is out of physical RAM or swap space
#   In 32 bit mode, the process size limit was hit
# Possible solutions:
#   Reduce memory load on the system
#   Increase physical memory or swap space
#   Check if swap backing store is full
#   Use 64 bit Java on a 64 bit OS
#   Decrease Java heap size (-Xmx/-Xms)
#   Decrease number of Java threads
#   Decrease Java thread stack sizes (-Xss)
#   Set larger code cache with -XX:ReservedCodeCacheSize=
# This output file may be truncated or incomplete.
#
#  Out of Memory Error (memory/allocation.inline.hpp:61), pid=3724, tid=0x0000000000003960
#
# JRE version:  (8.0_191-b12) (build )
# Java VM: Java HotSpot(TM) 64-Bit Server VM (25.191-b12 mixed mode windows-amd64 compressed oops)
# Failed to write core dump. Minidumps are not enabled by default on client versions of Windows
#

---------------  T H R E A D  ---------------

Current thread (0x0000000003742800):  JavaThread "Unknown thread" [_thread_in_vm, id=14688, stack(0x00000000033d0000,0x00000000034d0000)]

Stack: [0x00000000033d0000,0x00000000034d0000]
[error occurred during error reporting (printing stack bounds), id 0xc0000005]

Native frames: (J=compiled Java code, j=interpreted, Vv=VM code, C=native code)


---------------  P R O C E S S  ---------------

Java Threads: ( => current thread )

Other Threads:

=>0x0000000003742800 (exited) JavaThread "Unknown thread" [_thread_in_vm, id=14688, stack(0x00000000033d0000,0x00000000034d0000)]

VM state:not at safepoint (normal execution)

VM Mutex/Monitor currently owned by a thread: None

Heap:
 PSYoungGen      total 76288K, used 1310K [0x000000076b400000, 0x0000000770900000, 0x00000007c0000000)
  eden space 65536K, 2% used [0x000000076b400000,0x000000076b547af0,0x000000076f400000)
  from space 10752K, 0% used [0x000000076fe80000,0x000000076fe80000,0x0000000770900000)
  to   space 10752K, 0% used [0x000000076f400000,0x000000076f400000,0x000000076fe80000)
 ParOldGen       total 175104K, used 0K [0x00000006c1c00000, 0x00000006cc700000, 0x000000076b400000)
  object space 175104K, 0% used [0x00000006c1c00000,0x00000006c1c00000,0x00000006cc700000)
 Metaspace       used 775K, capacity 4480K, committed 4480K, reserved 1056768K
  class space    used 76K, capacity 384K, committed 384K, reserved 1048576K

Card table byte_map: [0x0000000012c00000,0x0000000013400000] byte_map_base: 0x000000000f5f2000

Marking Bits: (ParMarkBitMap*) 0x0000000074a33e30
 Begin Bits: [0x0000000014150000, 0x00000000180e0000)
 End Bits:   [0x00000000180e0000, 0x000000001c070000)

Polling page: 0x0000000001a50000

CodeCache: size=245760Kb used=328Kb max_used=328Kb free=245431Kb
 bounds [0x0000000003840000, 0x0000000003ab0000, 0x0000000012840000]
 total_blobs=58 nmethods=0 adapters=38
 compilation: enabled

Compilation events (0 events):
No events

GC Heap History (0 events):
No events

Deoptimization events (0 events):
No events

Classes redefined (0 events):
No events

Internal exceptions (0 events):
No events

Events (10 events):
Event: 0.023 loading class java/lang/Short
Event: 0.023 loading class java/lang/Short done
Event: 0.023 loading class java/lang/Integer
Event: 0.023 loading class java/lang/Integer done
Event: 0.023 loading class java/lang/Long
Event: 0.023 loading class java/lang/Long done
Event: 0.024 loading class java/lang/NullPointerException
Event: 0.024 loading class java/lang/NullPointerException done
Event: 0.024 loading class java/lang/ArithmeticException
Event: 0.024 loading class java/lang/ArithmeticException done


Dynamic libraries:
0x00007ff65f990000 - 0x00007ff65f9c7000 	C:\Java\jdk1.8.0_191\bin\java.exe
0x00007ff91a350000 - 0x00007ff91a546000 	C:\WINDOWS\SYSTEM32\ntdll.dll
0x00007ff919ea0000 - 0x00007ff919f5d000 	C:\WINDOWS\System32\KERNEL32.DLL
0x00007ff9180a0000 - 0x00007ff918368000 	C:\WINDOWS\System32\KERNELBASE.dll
0x00007ff91a120000 - 0x00007ff91a1ca000 	C:\WINDOWS\System32\ADVAPI32.dll
0x00007ff918ce0000 - 0x00007ff918d7e000 	C:\WINDOWS\System32\msvcrt.dll
0x00007ff918c40000 - 0x00007ff918cdb000 	C:\WINDOWS\System32\sechost.dll
0x00007ff919ff0000 - 0x00007ff91a114000 	C:\WINDOWS\System32\RPCRT4.dll
0x00007ff919d00000 - 0x00007ff919ea0000 	C:\WINDOWS\System32\USER32.dll
0x00007ff918070000 - 0x00007ff918092000 	C:\WINDOWS\System32\win32u.dll
0x00007ff919cd0000 - 0x00007ff919cfa000 	C:\WINDOWS\System32\GDI32.dll
0x00007ff917d50000 - 0x00007ff917e59000 	C:\WINDOWS\System32\gdi32full.dll
0x00007ff917aa0000 - 0x00007ff917b3d000 	C:\WINDOWS\System32\msvcp_win.dll
0x00007ff917f70000 - 0x00007ff918070000 	C:\WINDOWS\System32\ucrtbase.dll
0x00007ff9028b0000 - 0x00007ff902b4b000 	C:\WINDOWS\WinSxS\amd64_microsoft.windows.common-controls_6595b64144ccf1df_6.0.19041.488_none_ca04af081b815d21\COMCTL32.dll
0x00007ff9198f0000 - 0x00007ff919920000 	C:\WINDOWS\System32\IMM32.DLL
0x0000000075e50000 - 0x0000000075f22000 	C:\Java\jdk1.8.0_191\jre\bin\msvcr100.dll
0x0000000074210000 - 0x0000000074ab4000 	C:\Java\jdk1.8.0_191\jre\bin\server\jvm.dll
0x00007ff9183c0000 - 0x00007ff9183c8000 	C:\WINDOWS\System32\PSAPI.DLL
0x00007ff909470000 - 0x00007ff90947a000 	C:\WINDOWS\SYSTEM32\VERSION.dll
0x00007ff8fd600000 - 0x00007ff8fd609000 	C:\WINDOWS\SYSTEM32\WSOCK32.dll
0x00007ff902d10000 - 0x00007ff902d37000 	C:\WINDOWS\SYSTEM32\WINMM.dll
0x00007ff919660000 - 0x00007ff9196cb000 	C:\WINDOWS\System32\WS2_32.dll
0x00000000771e0000 - 0x00000000771ef000 	C:\Java\jdk1.8.0_191\jre\bin\verify.dll
0x0000000075e20000 - 0x0000000075e49000 	C:\Java\jdk1.8.0_191\jre\bin\java.dll
0x0000000075d30000 - 0x0000000075d53000 	C:\Java\jdk1.8.0_191\jre\bin\instrument.dll
0x0000000075e00000 - 0x0000000075e16000 	C:\Java\jdk1.8.0_191\jre\bin\zip.dll

VM Arguments:
jvm_args: -Dmaven.multiModuleProjectDirectory=D:\workspace\dongyimaiparent\dongyimaisellergoodsservice -Dmaven.home=D:\maven\apache-maven-3.6.1 -Dclassworlds.conf=D:\maven\apache-maven-3.6.1\bin\m2.conf -Dmaven.ext.class.path=D:\IDE\idea\IntelliJ IDEA 2020.1.3\plugins\maven\lib\maven-event-listener.jar -javaagent:D:\IDE\idea\IntelliJ IDEA 2020.1.3\lib\idea_rt.jar=1480:D:\IDE\idea\IntelliJ IDEA 2020.1.3\bin -Dfile.encoding=UTF-8 
java_command: org.codehaus.classworlds.Launcher -Didea.version2020.1.3 -s D:\maven\apache-maven-3.6.1\conf\settings.xml -Dmaven.repo.local=D:\maven\repository -DskipTests=true tomcat7:run
java_class_path (initial): D:\maven\apache-maven-3.6.1\boot\plexus-classworlds-2.6.0.jar;D:\IDE\idea\IntelliJ IDEA 2020.1.3\lib\idea_rt.jar
Launcher Type: SUN_STANDARD

Environment Variables:
JAVA_HOME=C:\Java\jdk1.8.0_191
CLASSPATH=.;C:\Java\jdk1.8.0_191\lib\dt.jar;C:\Java\jdk1.8.0_191\lib\tools.jar
PATH=D:\VMware\NetSarang\Xftp 6\;C:\Windows\System32\Wbem;C:\Windows\System32\WindowsPowerShell\v1.0\;C:\Windows\System32\OpenSSH\;C:\Program Files (x86)\Intel\Intel(R) Management Engine Components\DAL;C:\Program Files\Intel\Intel(R) Management Engine Components\DAL;C:\Program Files\Intel\WiFi\bin\;C:\Program Files\Common Files\Intel\WirelessCommon\;C:\Program Files (x86)\NVIDIA Corporation\PhysX\Common;C:\Program Files\NVIDIA Corporation\NVIDIA NvDLISR;C:\Java\jdk1.8.0_191\bin;C:\Java\jdk1.8.0_191\jre\bin;D:\mysql\mysql-5.7.27-winx64\bin;%Maven_HOME%\bin;C:\WINDOWS\system32;C:\WINDOWS;C:\WINDOWS\System32\Wbem;C:\WINDOWS\System32\WindowsPowerShell\v1.0\;C:\WINDOWS\System32\OpenSSH\;C:\Program Files\Git\cmd;C:\Users\liushhuaibo\AppData\Local\Microsoft\WindowsApps;
USERNAME=liushhuaibo
OS=Windows_NT
PROCESSOR_IDENTIFIER=Intel64 Family 6 Model 142 Stepping 12, GenuineIntel



---------------  S Y S T E M  ---------------

OS: Windows 10.0 , 64 bit Build 19041 (10.0.19041.546)

CPU:total 8 (initial active 8) (4 cores per cpu, 2 threads per core) family 6 model 142 stepping 12, cmov, cx8, fxsr, mmx, sse, sse2, sse3, ssse3, sse4.1, sse4.2, popcnt, avx, avx2, aes, clmul, erms, 3dnowpref, lzcnt, ht, tsc, tscinvbit, bmi1, bmi2, adx

Memory: 4k page, physical 16657360k(3967360k free), swap 29687040k(5732k free)

vm_info: Java HotSpot(TM) 64-Bit Server VM (25.191-b12) for windows-amd64 JRE (1.8.0_191-b12), built on Oct  6 2018 09:29:03 by "java_re" with MS VC++ 10.0 (VS2010)

time: Mon Nov 09 16:17:17 2020
elapsed time: 0 seconds (0d 0h 0m 0s)

